Removed Pin From Net: NetName=BATT_CHRGN Pin=LED5-1
Removed Pin From Net: NetName=NetLED5_2 Pin=LED5-2
Removed Pin From Net: NetName=BATT_STDBYN Pin=LED5-3
Removed Pin From Net: NetName=NetLED5_2 Pin=R19-2
Removed Member From Class: ClassName=PM Member=LED5
Added Component: Designator=B1(BUZZER 9.6¡ÁH5.0mm)
Added Component: Designator=C32(C0603)
Added Component: Designator=Q5(SOT233)
Added Component: Designator=R35(R0603)
Added Component: Designator=R36(R0603)
Added Component: Designator=R37(R0603)
Added Component: Designator=R38(R0603)
Added Component: Designator=TP12(TP)
Added Pin To Net: NetName=NetLED5_2 Pin=B1-1
Added Pin To Net: NetName=+3V3_MAIN Pin=C32-1
Added Pin To Net: NetName=GND Pin=C32-2
Added Pin To Net: NetName=GND Pin=Q5-2
Added Pin To Net: NetName=BATT_CHRGN Pin=R19-2
Added Pin To Net: NetName=+VCH Pin=R35-1
Added Pin To Net: NetName=BATT_STDBYN Pin=R35-2
Added Pin To Net: NetName=NetLED5_2 Pin=R36-1
Added Pin To Net: NetName=+3V3_MAIN Pin=R36-2
Added Pin To Net: NetName=GND Pin=R38-2
Change Net Name : Old Net Name=NetLED5_2 New Net Name=NetB1_1
Added Pin To Net: NetName=NetB1_2 Pin=B1-2
Added Pin To Net: NetName=NetB1_2 Pin=Q5-3
Added Net: Name=NetB1_2
Added Pin To Net: NetName=NetQ5_1 Pin=Q5-1
Added Pin To Net: NetName=NetQ5_1 Pin=R37-1
Added Pin To Net: NetName=NetQ5_1 Pin=R38-1
Added Net: Name=NetQ5_1
Added Pin To Net: NetName=NetR37_2 Pin=R37-2
Added Pin To Net: NetName=NetR37_2 Pin=TP12-1
Added Net: Name=NetR37_2
Added Class: Name=BEEP
Added Class: Name=SENSOR
Added Member To Class: ClassName=PM Member=Component R35 1K¦¸(102) ¡À5%  0603
